Determining if the pthread_create exist failed with the following output:
Change Dir: /home/noah/masterarbeit/src/angular_v/build/CMakeFiles/CMakeTmp

Run Build Command:"/usr/bin/make" "cmTC_b734b/fast"
/usr/bin/make -f CMakeFiles/cmTC_b734b.dir/build.make CMakeFiles/cmTC_b734b.dir/build
make[1]: Entering directory '/home/noah/masterarbeit/src/angular_v/build/CMakeFiles/CMakeTmp'
Building C object CMakeFiles/cmTC_b734b.dir/CheckSymbolExists.c.o
/usr/bin/cc    -o CMakeFiles/cmTC_b734b.dir/CheckSymbolExists.c.o   -c /home/noah/masterarbeit/src/angular_v/build/CMakeFiles/CMakeTmp/CheckSymbolExists.c
Linking C executable cmTC_b734b
/usr/bin/cmake -E cmake_link_script CMakeFiles/cmTC_b734b.dir/link.txt --verbose=1
/usr/bin/cc      -rdynamic CMakeFiles/cmTC_b734b.dir/CheckSymbolExists.c.o  -o cmTC_b734b 
CMakeFiles/cmTC_b734b.dir/CheckSymbolExists.c.o: In function `main':
CheckSymbolExists.c:(.text+0x1b): undefined reference to `pthread_create'
collect2: error: ld returned 1 exit status
CMakeFiles/cmTC_b734b.dir/build.make:97: recipe for target 'cmTC_b734b' failed
make[1]: *** [cmTC_b734b] Error 1
make[1]: Leaving directory '/home/noah/masterarbeit/src/angular_v/build/CMakeFiles/CMakeTmp'
Makefile:126: recipe for target 'cmTC_b734b/fast' failed
make: *** [cmTC_b734b/fast] Error 2

File /home/noah/masterarbeit/src/angular_v/build/CMakeFiles/CMakeTmp/CheckSymbolExists.c:
/* */
#include <pthread.h>

int main(int argc, char** argv)
{
  (void)argv;
#ifndef pthread_create
  return ((int*)(&pthread_create))[argc];
#else
  (void)argc;
  return 0;
#endif
}

Determining if the function pthread_create exists in the pthreads failed with the following output:
Change Dir: /home/noah/masterarbeit/src/angular_v/build/CMakeFiles/CMakeTmp

Run Build Command:"/usr/bin/make" "cmTC_9ec76/fast"
/usr/bin/make -f CMakeFiles/cmTC_9ec76.dir/build.make CMakeFiles/cmTC_9ec76.dir/build
make[1]: Entering directory '/home/noah/masterarbeit/src/angular_v/build/CMakeFiles/CMakeTmp'
Building C object CMakeFiles/cmTC_9ec76.dir/CheckFunctionExists.c.o
/usr/bin/cc   -DCHECK_FUNCTION_EXISTS=pthread_create   -o CMakeFiles/cmTC_9ec76.dir/CheckFunctionExists.c.o   -c /usr/share/cmake-3.10/Modules/CheckFunctionExists.c
Linking C executable cmTC_9ec76
/usr/bin/cmake -E cmake_link_script CMakeFiles/cmTC_9ec76.dir/link.txt --verbose=1
/usr/bin/cc  -DCHECK_FUNCTION_EXISTS=pthread_create    -rdynamic CMakeFiles/cmTC_9ec76.dir/CheckFunctionExists.c.o  -o cmTC_9ec76 -lpthreads 
/usr/bin/ld: cannot find -lpthreads
collect2: error: ld returned 1 exit status
CMakeFiles/cmTC_9ec76.dir/build.make:97: recipe for target 'cmTC_9ec76' failed
make[1]: *** [cmTC_9ec76] Error 1
make[1]: Leaving directory '/home/noah/masterarbeit/src/angular_v/build/CMakeFiles/CMakeTmp'
Makefile:126: recipe for target 'cmTC_9ec76/fast' failed
make: *** [cmTC_9ec76/fast] Error 2


